<?xml version="1.0" encoding="UTF-8"?>
<!-- Generated by org.testng.reporters.JUnitReportReporter -->
<testsuite hostname="DESKTOP-A89BTNN" failures="0" tests="1" name="testing.TestNGRunner$RunTestNGTest" time="15.905" errors="0" timestamp="2022-05-25T10:13:11 IST" skipped="0">
  <testcase classname="testing.TestNGRunner$RunTestNGTest" name="runScenario" time="15.905"/>
  <system-out/>
</testsuite> <!-- testing.TestNGRunner$RunTestNGTest -->
