<?xml version="1.0" encoding="UTF-8"?>
<!-- Generated by org.testng.reporters.JUnitReportReporter -->
<testsuite hostname="DESKTOP-A89BTNN" failures="0" tests="1" name="testing.SearchFlights" time="9.801" errors="0" timestamp="2022-05-23T15:01:47 IST" skipped="0">
  <testcase classname="testing.SearchFlights" name="searchFlights" time="9.801"/>
  <system-out/>
</testsuite> <!-- testing.SearchFlights -->
