<?xml version="1.0" encoding="UTF-8"?>
<!-- Generated by org.testng.reporters.JUnitReportReporter -->
<testsuite hostname="DESKTOP-A89BTNN" failures="0" tests="1" name="testing.SearchFlights" time="11.716" errors="0" timestamp="2022-05-19T15:21:58 IST" skipped="0">
  <testcase classname="testing.SearchFlights" name="searchFlights" time="11.716"/>
  <system-out/>
</testsuite> <!-- testing.SearchFlights -->
